<?xml version="1.0" encoding="UTF-8"?>
<!-- Generated by org.testng.reporters.JUnitReportReporter -->
<testsuite hostname="MacBook-Pro.local" failures="0" tests="5" name="org.HomePageTest" time="3.443" errors="0" timestamp="2025-03-19T14:22:42 IST" skipped="0">
  <testcase classname="org.HomePageTest" name="testHeaderMiddleIsDisplayed" time="0.030"/>
  <testcase classname="org.HomePageTest" name="testLogoIsDisplayed" time="0.030"/>
  <testcase classname="org.HomePageTest" name="testFeaturesItemsIsDisplayed" time="0.039"/>
  <testcase classname="org.HomePageTest" name="testShopMenuIsDisplayed" time="0.027"/>
  <testcase classname="org.HomePageTest" name="testGoToProductsPage" time="3.317"/>
</testsuite> <!-- org.HomePageTest -->
