<?xml version="1.0" encoding="UTF-8"?>
<!-- Generated by org.testng.reporters.JUnitReportReporter -->
<testsuite hostname="MacBook-Pro.local" failures="0" tests="1" name="org.LoginPageTest" time="5.426" errors="0" timestamp="2025-03-19T14:22:42 IST" skipped="0">
  <testcase classname="org.LoginPageTest" name="testLogin" time="5.426"/>
</testsuite> <!-- org.LoginPageTest -->
